<?xml version="1.0" encoding="UTF-8"?>
<testng-results ignored="0" total="1" passed="1" failed="0" skipped="0">
  <reporter-output>
  </reporter-output>
  <suite started-at="2024-08-19T10:47:09 IST" name="Suite" finished-at="2024-08-19T10:47:12 IST" duration-ms="3059">
    <groups>
    </groups>
    <test started-at="2024-08-19T10:47:09 IST" name="Test" finished-at="2024-08-19T10:47:12 IST" duration-ms="3059">
      <class name="p1.c1">
        <test-method signature="t1()[pri:0, instance:p1.c1@82de64a]" started-at="2024-08-19T10:47:09 IST" name="t1" finished-at="2024-08-19T10:47:12 IST" duration-ms="2938" status="PASS">
          <reporter-output>
          </reporter-output>
        </test-method> <!-- t1 -->
      </class> <!-- p1.c1 -->
    </test> <!-- Test -->
  </suite> <!-- Suite -->
</testng-results>
